# JRE version: Java(TM) SE Runtime Environment (8.0_131-b11) (build 1.8.0_131-b11)
# Java VM: Java HotSpot(TM) 64-Bit Server VM (25.131-b11 mixed mode linux-amd64 compressed oops)
Heap:
 PSYoungGen      total 132096K, used 3381K [0x00000000eab00000, 0x00000000f3100000, 0x0000000100000000)
  eden space 126976K, 0% used [0x00000000eab00000,0x00000000eab00000,0x00000000f2700000)
  from space 5120K, 66% used [0x00000000f2700000,0x00000000f2a4d430,0x00000000f2c00000)
  to   space 5120K, 0% used [0x00000000f2c00000,0x00000000f2c00000,0x00000000f3100000)
 ParOldGen       total 84992K, used 43334K [0x00000000c0000000, 0x00000000c5300000, 0x00000000eab00000)
  object space 84992K, 50% used [0x00000000c0000000,0x00000000c2a51880,0x00000000c5300000)
 Metaspace       used 5340K, capacity 5544K, committed 5760K, reserved 1056768K
  class space    used 573K, capacity 595K, committed 640K, reserved 1048576K
GC Heap History (9 events):
Event: 0,672 GC heap before
{Heap before GC invocations=1 (full 0):
 PSYoungGen      total 36864K, used 31744K [0x00000000eab00000, 0x00000000ed400000, 0x0000000100000000)
  eden space 31744K, 100% used [0x00000000eab00000,0x00000000eca00000,0x00000000eca00000)
  from space 5120K, 0% used [0x00000000ecf00000,0x00000000ecf00000,0x00000000ed400000)
  to   space 5120K, 0% used [0x00000000eca00000,0x00000000eca00000,0x00000000ecf00000)
 ParOldGen       total 84992K, used 0K [0x00000000c0000000, 0x00000000c5300000, 0x00000000eab00000)
  object space 84992K, 0% used [0x00000000c0000000,0x00000000c0000000,0x00000000c5300000)
 Metaspace       used 5144K, capacity 5538K, committed 5760K, reserved 1056768K
  class space    used 564K, capacity 594K, committed 640K, reserved 1048576K
Event: 0,679 GC heap after
Heap after GC invocations=1 (full 0):
 PSYoungGen      total 36864K, used 5103K [0x00000000eab00000, 0x00000000ef300000, 0x0000000100000000)
  eden space 31744K, 0% used [0x00000000eab00000,0x00000000eab00000,0x00000000eca00000)
  from space 5120K, 99% used [0x00000000eca00000,0x00000000ecefbca0,0x00000000ecf00000)
  to   space 5120K, 0% used [0x00000000eee00000,0x00000000eee00000,0x00000000ef300000)
 ParOldGen       total 84992K, used 5251K [0x00000000c0000000, 0x00000000c5300000, 0x00000000eab00000)
  object space 84992K, 6% used [0x00000000c0000000,0x00000000c0520c48,0x00000000c5300000)
 Metaspace       used 5144K, capacity 5538K, committed 5760K, reserved 1056768K
  class space    used 564K, capacity 594K, committed 640K, reserved 1048576K
}
Event: 0,875 GC heap before
{Heap before GC invocations=2 (full 0):
 PSYoungGen      total 36864K, used 34504K [0x00000000eab00000, 0x00000000ef300000, 0x0000000100000000)
  eden space 31744K, 92% used [0x00000000eab00000,0x00000000ec7b6600,0x00000000eca00000)
  from space 5120K, 99% used [0x00000000eca00000,0x00000000ecefbca0,0x00000000ecf00000)
  to   space 5120K, 0% used [0x00000000eee00000,0x00000000eee00000,0x00000000ef300000)
 ParOldGen       total 84992K, used 5251K [0x00000000c0000000, 0x00000000c5300000, 0x00000000eab00000)
  object space 84992K, 6% used [0x00000000c0000000,0x00000000c0520c48,0x00000000c5300000)
 Metaspace       used 5287K, capacity 5544K, committed 5760K, reserved 1056768K
  class space    used 573K, capacity 595K, committed 640K, reserved 1048576K
Event: 0,887 GC heap after
Heap after GC invocations=2 (full 0):
 PSYoungGen      total 68608K, used 4891K [0x00000000eab00000, 0x00000000ef300000, 0x0000000100000000)
  eden space 63488K, 0% used [0x00000000eab00000,0x00000000eab00000,0x00000000ee900000)
  from space 5120K, 95% used [0x00000000eee00000,0x00000000ef2c6ee0,0x00000000ef300000)
  to   space 5120K, 0% used [0x00000000ee900000,0x00000000ee900000,0x00000000eee00000)
 ParOldGen       total 84992K, used 6711K [0x00000000c0000000, 0x00000000c5300000, 0x00000000eab00000)
  object space 84992K, 7% used [0x00000000c0000000,0x00000000c068dea8,0x00000000c5300000)
 Metaspace       used 5287K, capacity 5544K, committed 5760K, reserved 1056768K
  class space    used 573K, capacity 595K, committed 640K, reserved 1048576K
}
Event: 1,189 GC heap before
{Heap before GC invocations=3 (full 0):
 PSYoungGen      total 68608K, used 68379K [0x00000000eab00000, 0x00000000ef300000, 0x0000000100000000)
  eden space 63488K, 100% used [0x00000000eab00000,0x00000000ee900000,0x00000000ee900000)
  from space 5120K, 95% used [0x00000000eee00000,0x00000000ef2c6ee0,0x00000000ef300000)
  to   space 5120K, 0% used [0x00000000ee900000,0x00000000ee900000,0x00000000eee00000)
 ParOldGen       total 84992K, used 6711K [0x00000000c0000000, 0x00000000c5300000, 0x00000000eab00000)
  object space 84992K, 7% used [0x00000000c0000000,0x00000000c068dea8,0x00000000c5300000)
 Metaspace       used 5313K, capacity 5544K, committed 5760K, reserved 1056768K
  class space    used 573K, capacity 595K, committed 640K, reserved 1048576K
Event: 1,196 GC heap after
Heap after GC invocations=3 (full 0):
 PSYoungGen      total 68608K, used 5115K [0x00000000eab00000, 0x00000000f3100000, 0x0000000100000000)
  eden space 63488K, 0% used [0x00000000eab00000,0x00000000eab00000,0x00000000ee900000)
  from space 5120K, 99% used [0x00000000ee900000,0x00000000eedfeca8,0x00000000eee00000)
  to   space 5120K, 0% used [0x00000000f2c00000,0x00000000f2c00000,0x00000000f3100000)
 ParOldGen       total 84992K, used 13453K [0x00000000c0000000, 0x00000000c5300000, 0x00000000eab00000)
  object space 84992K, 15% used [0x00000000c0000000,0x00000000c0d237b8,0x00000000c5300000)
 Metaspace       used 5313K, capacity 5544K, committed 5760K, reserved 1056768K
  class space    used 573K, capacity 595K, committed 640K, reserved 1048576K
}
Event: 1,455 GC heap before
{Heap before GC invocations=4 (full 0):
 PSYoungGen      total 68608K, used 68603K [0x00000000eab00000, 0x00000000f3100000, 0x0000000100000000)
  eden space 63488K, 100% used [0x00000000eab00000,0x00000000ee900000,0x00000000ee900000)
  from space 5120K, 99% used [0x00000000ee900000,0x00000000eedfeca8,0x00000000eee00000)
  to   space 5120K, 0% used [0x00000000f2c00000,0x00000000f2c00000,0x00000000f3100000)
 ParOldGen       total 84992K, used 13453K [0x00000000c0000000, 0x00000000c5300000, 0x00000000eab00000)
  object space 84992K, 15% used [0x00000000c0000000,0x00000000c0d237b8,0x00000000c5300000)
 Metaspace       used 5328K, capacity 5544K, committed 5760K, reserved 1056768K
  class space    used 573K, capacity 595K, committed 640K, reserved 1048576K
Event: 1,460 GC heap after
Heap after GC invocations=4 (full 0):
 PSYoungGen      total 132096K, used 4515K [0x00000000eab00000, 0x00000000f3100000, 0x0000000100000000)
  eden space 126976K, 0% used [0x00000000eab00000,0x00000000eab00000,0x00000000f2700000)
  from space 5120K, 88% used [0x00000000f2c00000,0x00000000f3068c80,0x00000000f3100000)
  to   space 5120K, 0% used [0x00000000f2700000,0x00000000f2700000,0x00000000f2c00000)
 ParOldGen       total 84992K, used 22510K [0x00000000c0000000, 0x00000000c5300000, 0x00000000eab00000)
  object space 84992K, 26% used [0x00000000c0000000,0x00000000c15fb948,0x00000000c5300000)
 Metaspace       used 5328K, capacity 5544K, committed 5760K, reserved 1056768K
  class space    used 573K, capacity 595K, committed 640K, reserved 1048576K
}
Event: 1,853 GC heap before
{Heap before GC invocations=5 (full 0):
 PSYoungGen      total 132096K, used 131491K [0x00000000eab00000, 0x00000000f3100000, 0x0000000100000000)
  eden space 126976K, 100% used [0x00000000eab00000,0x00000000f2700000,0x00000000f2700000)
  from space 5120K, 88% used [0x00000000f2c00000,0x00000000f3068c80,0x00000000f3100000)
  to   space 5120K, 0% used [0x00000000f2700000,0x00000000f2700000,0x00000000f2c00000)
 ParOldGen       total 84992K, used 22510K [0x00000000c0000000, 0x00000000c5300000, 0x00000000eab00000)
  object space 84992K, 26% used [0x00000000c0000000,0x00000000c15fb948,0x00000000c5300000)
 Metaspace       used 5340K, capacity 5544K, committed 5760K, reserved 1056768K
  class space    used 573K, capacity 595K, committed 640K, reserved 1048576K

